<?xml version="1.0" encoding="UTF-8"?>
<!-- Generated by org.testng.reporters.JUnitReportReporter -->
<testsuite skipped="0" hostname="F208" name="com.qa.amazon.testcases.LoginPageTestFlow1" tests="1" failures="0" timestamp="26 Nov 2018 10:57:57 GMT" time="35.039" errors="0">
  <testcase name="searchResultPageTestFlow1" time="35.039" classname="com.qa.amazon.testcases.LoginPageTestFlow1"/>
</testsuite> <!-- com.qa.amazon.testcases.LoginPageTestFlow1 -->
